build/app/intermediates/manifest_merge_blame_file/release/manifest-merger-blame-release-report.txt
1<?xml version="1.0" encoding="utf-8"?>
2<manifest xmlns:android="http://schemas.android.com/apk/res/android"
3    package="com.example.icon"
4    android:versionCode="1"
5    android:versionName="1.0.0" >
6
7    <uses-sdk
8        android:minSdkVersion="19"
8-->src\main\AndroidManifest.xml
9        android:targetSdkVersion="33" />
9-->src\main\AndroidManifest.xml
10
11    <uses-permission android:name="android.permission.INTERNET" />
11-->src\main\AndroidManifest.xml:2:5-67
11-->src\main\AndroidManifest.xml:2:22-64
12    <!--
13         Required to query activities that can process text, see:
14         https://developer.android.com/training/package-visibility?hl=en and
15         https://developer.android.com/reference/android/content/Intent#ACTION_PROCESS_TEXT.
16
17         In particular, this is used by the Flutter engine in io.flutter.plugin.text.ProcessTextPlugin.
18    -->
19    <queries>
19-->src\main\AndroidManifest.xml:39:5-44:15
20        <intent>
20-->src\main\AndroidManifest.xml:40:9-43:18
21            <action android:name="android.intent.action.PROCESS_TEXT" />
21-->src\main\AndroidManifest.xml:41:13-72
21-->src\main\AndroidManifest.xml:41:21-70
22
23            <data android:mimeType="text/plain" />
23-->src\main\AndroidManifest.xml:42:13-50
23-->src\main\AndroidManifest.xml:42:19-48
24        </intent>
25        <intent>
25-->[com.razorpay:checkout:1.6.39] AndroidManifest.xml:11:9-17:18
26            <action android:name="android.intent.action.VIEW" />
26-->[com.razorpay:checkout:1.6.39] AndroidManifest.xml:12:13-65
26-->[com.razorpay:checkout:1.6.39] AndroidManifest.xml:12:21-62
27
28            <data
28-->src\main\AndroidManifest.xml:42:13-50
29                android:mimeType="*/*"
29-->src\main\AndroidManifest.xml:42:19-48
30                android:scheme="*" />
31        </intent>
32        <intent>
32-->[com.razorpay:checkout:1.6.39] AndroidManifest.xml:18:9-27:18
33            <action android:name="android.intent.action.VIEW" />
33-->[com.razorpay:checkout:1.6.39] AndroidManifest.xml:12:13-65
33-->[com.razorpay:checkout:1.6.39] AndroidManifest.xml:12:21-62
34
35            <category android:name="android.intent.category.BROWSABLE" />
35-->[com.razorpay:checkout:1.6.39] AndroidManifest.xml:21:13-74
35-->[com.razorpay:checkout:1.6.39] AndroidManifest.xml:21:23-71
36
37            <data
37-->src\main\AndroidManifest.xml:42:13-50
38                android:host="pay"
39                android:mimeType="*/*"
39-->src\main\AndroidManifest.xml:42:19-48
40                android:scheme="upi" />
41        </intent>
42        <intent>
42-->[com.razorpay:checkout:1.6.39] AndroidManifest.xml:28:9-30:18
43            <action android:name="android.intent.action.MAIN" />
43-->src\main\AndroidManifest.xml:24:17-68
43-->src\main\AndroidManifest.xml:24:25-66
44        </intent>
45        <intent>
45-->[com.razorpay:checkout:1.6.39] AndroidManifest.xml:31:9-35:18
46            <action android:name="android.intent.action.SEND" />
46-->[com.razorpay:checkout:1.6.39] AndroidManifest.xml:32:13-65
46-->[com.razorpay:checkout:1.6.39] AndroidManifest.xml:32:21-62
47
48            <data android:mimeType="*/*" />
48-->src\main\AndroidManifest.xml:42:13-50
48-->src\main\AndroidManifest.xml:42:19-48
49        </intent>
50        <intent>
50-->[com.razorpay:checkout:1.6.39] AndroidManifest.xml:36:9-38:18
51            <action android:name="rzp.device_token.share" />
51-->[com.razorpay:checkout:1.6.39] AndroidManifest.xml:37:13-61
51-->[com.razorpay:checkout:1.6.39] AndroidManifest.xml:37:21-58
52        </intent>
53    </queries>
54    <!-- Include required permissions for Google Maps API to run. -->
55    <uses-permission android:name="android.permission.ACCESS_NETWORK_STATE" />
55-->[com.google.android.gms:play-services-maps:17.0.0] AndroidManifest.xml:23:5-79
55-->[com.google.android.gms:play-services-maps:17.0.0] AndroidManifest.xml:23:22-76
56
57    <uses-feature
57-->[com.google.android.gms:play-services-maps:17.0.0] AndroidManifest.xml:26:5-28:35
58        android:glEsVersion="0x00020000"
58-->[com.google.android.gms:play-services-maps:17.0.0] AndroidManifest.xml:27:9-41
59        android:required="true" />
59-->[com.google.android.gms:play-services-maps:17.0.0] AndroidManifest.xml:28:9-32
60
61    <application
62        android:name="android.app.Application"
62-->src\main\AndroidManifest.xml:5:9-42
63        android:appComponentFactory="androidx.core.app.CoreComponentFactory"
63-->[androidx.core:core:1.8.0] AndroidManifest.xml:24:18-86
64        android:icon="@mipmap/ic_launcher"
64-->src\main\AndroidManifest.xml:6:9-43
65        android:label="EV" >
65-->src\main\AndroidManifest.xml:4:9-27
66        <activity
66-->src\main\AndroidManifest.xml:7:9-27:20
67            android:name="com.example.icon.MainActivity"
67-->src\main\AndroidManifest.xml:8:13-41
68            android:configChanges="orientation|keyboardHidden|keyboard|screenSize|smallestScreenSize|locale|layoutDirection|fontScale|screenLayout|density|uiMode"
68-->src\main\AndroidManifest.xml:12:13-163
69            android:exported="true"
69-->src\main\AndroidManifest.xml:9:13-36
70            android:hardwareAccelerated="true"
70-->src\main\AndroidManifest.xml:13:13-47
71            android:launchMode="singleTop"
71-->src\main\AndroidManifest.xml:10:13-43
72            android:theme="@style/LaunchTheme"
72-->src\main\AndroidManifest.xml:11:13-47
73            android:windowSoftInputMode="adjustResize" >
73-->src\main\AndroidManifest.xml:14:13-55
74
75            <!--
76                 Specifies an Android theme to apply to this Activity as soon as
77                 the Android process has started. This theme is visible to the user
78                 while the Flutter UI initializes. After that, this theme continues
79                 to determine the Window background behind the Flutter UI.
80            -->
81            <meta-data
81-->src\main\AndroidManifest.xml:19:17-22:19
82                android:name="io.flutter.embedding.android.NormalTheme"
82-->src\main\AndroidManifest.xml:20:17-72
83                android:resource="@style/NormalTheme" />
83-->src\main\AndroidManifest.xml:21:17-54
84
85            <intent-filter>
85-->src\main\AndroidManifest.xml:23:13-26:29
86                <action android:name="android.intent.action.MAIN" />
86-->src\main\AndroidManifest.xml:24:17-68
86-->src\main\AndroidManifest.xml:24:25-66
87
88                <category android:name="android.intent.category.LAUNCHER" />
88-->src\main\AndroidManifest.xml:25:17-76
88-->src\main\AndroidManifest.xml:25:27-74
89            </intent-filter>
90        </activity>
91        <!--
92             Don't delete the meta-data below.
93             This is used by the Flutter tool to generate GeneratedPluginRegistrant.java
94        -->
95        <meta-data
95-->src\main\AndroidManifest.xml:30:9-32:33
96            android:name="flutterEmbedding"
96-->src\main\AndroidManifest.xml:31:13-44
97            android:value="2" />
97-->src\main\AndroidManifest.xml:32:13-30
98
99        <uses-library
99-->[androidx.window:window:1.0.0-beta04] AndroidManifest.xml:25:9-27:40
100            android:name="androidx.window.extensions"
100-->[androidx.window:window:1.0.0-beta04] AndroidManifest.xml:26:13-54
101            android:required="false" />
101-->[androidx.window:window:1.0.0-beta04] AndroidManifest.xml:27:13-37
102        <uses-library
102-->[androidx.window:window:1.0.0-beta04] AndroidManifest.xml:28:9-30:40
103            android:name="androidx.window.sidecar"
103-->[androidx.window:window:1.0.0-beta04] AndroidManifest.xml:29:13-51
104            android:required="false" />
104-->[androidx.window:window:1.0.0-beta04] AndroidManifest.xml:30:13-37
105
106        <receiver
106-->[com.razorpay:checkout:1.6.39] AndroidManifest.xml:42:9-49:20
107            android:name="com.razorpay.RzpTokenReceiver"
107-->[com.razorpay:checkout:1.6.39] AndroidManifest.xml:43:13-57
108            android:exported="true" >
108-->[com.razorpay:checkout:1.6.39] AndroidManifest.xml:44:13-36
109            <intent-filter>
109-->[com.razorpay:checkout:1.6.39] AndroidManifest.xml:46:13-48:29
110                <action android:name="rzp.device_token.share" />
110-->[com.razorpay:checkout:1.6.39] AndroidManifest.xml:37:13-61
110-->[com.razorpay:checkout:1.6.39] AndroidManifest.xml:37:21-58
111            </intent-filter>
112        </receiver>
113
114        <activity
114-->[com.razorpay:checkout:1.6.39] AndroidManifest.xml:51:9-59:20
115            android:name="com.razorpay.CheckoutActivity"
115-->[com.razorpay:checkout:1.6.39] AndroidManifest.xml:52:13-57
116            android:configChanges="keyboard|keyboardHidden|orientation|screenSize"
116-->[com.razorpay:checkout:1.6.39] AndroidManifest.xml:53:13-83
117            android:exported="false"
117-->[com.razorpay:checkout:1.6.39] AndroidManifest.xml:54:13-37
118            android:theme="@style/CheckoutTheme" >
118-->[com.razorpay:checkout:1.6.39] AndroidManifest.xml:55:13-49
119            <intent-filter>
119-->[com.razorpay:checkout:1.6.39] AndroidManifest.xml:56:13-58:29
120                <action android:name="android.intent.action.MAIN" />
120-->src\main\AndroidManifest.xml:24:17-68
120-->src\main\AndroidManifest.xml:24:25-66
121            </intent-filter>
122        </activity>
123
124        <meta-data
124-->[com.razorpay:checkout:1.6.39] AndroidManifest.xml:61:9-63:58
125            android:name="com.razorpay.plugin.googlepay_all"
125-->[com.razorpay:checkout:1.6.39] AndroidManifest.xml:62:13-61
126            android:value="com.razorpay.RzpGpayMerged" />
126-->[com.razorpay:checkout:1.6.39] AndroidManifest.xml:63:13-55
127
128        <activity
128-->[com.google.android.gms:play-services-auth:21.1.0] AndroidManifest.xml:23:9-27:75
129            android:name="com.google.android.gms.auth.api.signin.internal.SignInHubActivity"
129-->[com.google.android.gms:play-services-auth:21.1.0] AndroidManifest.xml:24:13-93
130            android:excludeFromRecents="true"
130-->[com.google.android.gms:play-services-auth:21.1.0] AndroidManifest.xml:25:13-46
131            android:exported="false"
131-->[com.google.android.gms:play-services-auth:21.1.0] AndroidManifest.xml:26:13-37
132            android:theme="@android:style/Theme.Translucent.NoTitleBar" />
132-->[com.google.android.gms:play-services-auth:21.1.0] AndroidManifest.xml:27:13-72
133        <!--
134            Service handling Google Sign-In user revocation. For apps that do not integrate with
135            Google Sign-In, this service will never be started.
136        -->
137        <service
137-->[com.google.android.gms:play-services-auth:21.1.0] AndroidManifest.xml:33:9-37:51
138            android:name="com.google.android.gms.auth.api.signin.RevocationBoundService"
138-->[com.google.android.gms:play-services-auth:21.1.0] AndroidManifest.xml:34:13-89
139            android:exported="true"
139-->[com.google.android.gms:play-services-auth:21.1.0] AndroidManifest.xml:35:13-36
140            android:permission="com.google.android.gms.auth.api.signin.permission.REVOCATION_NOTIFICATION"
140-->[com.google.android.gms:play-services-auth:21.1.0] AndroidManifest.xml:36:13-107
141            android:visibleToInstantApps="true" /> <!-- Needs to be explicitly declared on P+ -->
141-->[com.google.android.gms:play-services-auth:21.1.0] AndroidManifest.xml:37:13-48
142        <uses-library
142-->[com.google.android.gms:play-services-maps:17.0.0] AndroidManifest.xml:33:9-35:40
143            android:name="org.apache.http.legacy"
143-->[com.google.android.gms:play-services-maps:17.0.0] AndroidManifest.xml:34:13-50
144            android:required="false" />
144-->[com.google.android.gms:play-services-maps:17.0.0] AndroidManifest.xml:35:13-37
145
146        <activity
146-->[com.google.android.gms:play-services-base:18.3.0] AndroidManifest.xml:20:9-22:45
147            android:name="com.google.android.gms.common.api.GoogleApiActivity"
147-->[com.google.android.gms:play-services-base:18.3.0] AndroidManifest.xml:20:19-85
148            android:exported="false"
148-->[com.google.android.gms:play-services-base:18.3.0] AndroidManifest.xml:22:19-43
149            android:theme="@android:style/Theme.Translucent.NoTitleBar" />
149-->[com.google.android.gms:play-services-base:18.3.0] AndroidManifest.xml:21:19-78
150
151        <meta-data
151-->[com.google.android.gms:play-services-basement:18.3.0] AndroidManifest.xml:21:9-23:69
152            android:name="com.google.android.gms.version"
152-->[com.google.android.gms:play-services-basement:18.3.0] AndroidManifest.xml:22:13-58
153            android:value="@integer/google_play_services_version" />
153-->[com.google.android.gms:play-services-basement:18.3.0] AndroidManifest.xml:23:13-66
154    </application>
155
156</manifest>